<?xml version="1.0" encoding="UTF-8"?>
<!-- Generated by org.testng.reporters.JUnitReportReporter -->
<testsuite hostname="DESKTOP-A7UPMK5" failures="0" tests="1" name="com.testdata.Data" time="2.205" errors="0" timestamp="2023-03-09T11:40:52 IST" skipped="0">
  <testcase classname="com.testdata.Data" name="tc1" time="2.205"/>
  <system-out/>
</testsuite> <!-- com.testdata.Data -->
