<?xml version="1.0" encoding="UTF-8"?>
<!-- Generated by org.testng.reporters.JUnitReportReporter -->
<testsuite hostname="DESKTOP-A7UPMK5" failures="0" tests="1" name="com.screen.Screenshot" time="8.057" errors="0" timestamp="2023-02-21T11:20:15 IST" skipped="0">
  <testcase classname="com.screen.Screenshot" name="Screen" time="8.057"/>
  <system-out/>
</testsuite> <!-- com.screen.Screenshot -->
