<?xml version="1.0" encoding="UTF-8"?>
<!-- Generated by org.testng.reporters.JUnitReportReporter -->
<testsuite hostname="DESKTOP-A7UPMK5" failures="0" tests="1" name="com.headless.Headlessbrowser" time="10.429" errors="0" timestamp="2023-03-06T12:37:23 IST" skipped="0">
  <testcase classname="com.headless.Headlessbrowser" name="headLess" time="10.429"/>
  <system-out/>
</testsuite> <!-- com.headless.Headlessbrowser -->
