<?xml version="1.0" encoding="UTF-8"?>
<!-- Generated by org.testng.reporters.JUnitReportReporter -->
<testsuite hostname="DESKTOP-A7UPMK5" failures="0" tests="2" name="com.wipro.Sample" time="0.092" errors="0" timestamp="2023-02-18T05:22:40 IST" skipped="0">
  <testcase classname="com.wipro.Sample" name="tc1" time="0.082"/>
  <system-out/>
  <testcase classname="com.wipro.Sample" name="tc2" time="0.010"/>
  <system-out/>
</testsuite> <!-- com.wipro.Sample -->
