<?xml version="1.0" encoding="UTF-8"?>
<!-- Generated by org.testng.reporters.JUnitReportReporter -->
<testsuite hostname="DESKTOP-A7UPMK5" failures="0" tests="1" name="com.headless.HeadlessusingCSSSelector" time="14.023" errors="0" timestamp="2023-03-13T12:07:33 IST" skipped="0">
  <testcase classname="com.headless.HeadlessusingCSSSelector" name="headLess" time="14.023"/>
  <system-out/>
</testsuite> <!-- com.headless.HeadlessusingCSSSelector -->
