<?xml version="1.0" encoding="UTF-8"?>
<!-- Generated by org.testng.reporters.JUnitReportReporter -->
<testsuite hostname="DESKTOP-A7UPMK5" failures="0" tests="1" name="com.handle.Windowshandling" time="55.385" errors="0" timestamp="2023-03-02T09:47:37 IST" skipped="0">
  <testcase classname="com.handle.Windowshandling" name="t1" time="55.385"/>
  <system-out/>
</testsuite> <!-- com.handle.Windowshandling -->
