<?xml version="1.0" encoding="UTF-8"?>
<!-- Generated by org.testng.reporters.JUnitReportReporter -->
<testsuite hostname="DESKTOP-A7UPMK5" failures="0" tests="1" name="Alert.Amazon" time="38.281" errors="0" timestamp="2023-02-27T14:54:29 IST" skipped="0">
  <testcase classname="Alert.Amazon" name="inspect" time="38.281"/>
  <system-out/>
</testsuite> <!-- Alert.Amazon -->
