<?xml version="1.0" encoding="UTF-8"?>
<!-- Generated by org.testng.reporters.JUnitReportReporter -->
<testsuite hostname="DESKTOP-A7UPMK5" failures="0" tests="1" name="com.sites.Maven" time="0.034" errors="0" timestamp="2023-02-15T09:13:39 IST" skipped="0">
  <testcase classname="com.sites.Maven" name="tc1" time="0.034"/>
  <system-out/>
</testsuite> <!-- com.sites.Maven -->
