<?xml version="1.0" encoding="UTF-8"?>
<!-- Generated by org.testng.reporters.JUnitReportReporter -->
<testsuite hostname="DESKTOP-A7UPMK5" failures="0" tests="1" name="com.suggestion.Autosuggestion" time="28.918" errors="0" timestamp="2023-03-06T11:12:19 IST" skipped="0">
  <testcase classname="com.suggestion.Autosuggestion" name="tc1" time="28.918"/>
  <system-out/>
</testsuite> <!-- com.suggestion.Autosuggestion -->
